# JRE version: OpenJDK Runtime Environment (8.0_212-b04) (build 1.8.0_212-release-1586-b04)
# Java VM: OpenJDK 64-Bit Server VM (25.212-b04 mixed mode windows-amd64 compressed oops)
Heap:
 PSYoungGen      total 211968K, used 198952K [0x00000000e0000000, 0x00000000f0e00000, 0x0000000100000000)
  eden space 176128K, 92% used [0x00000000e0000000,0x00000000e9fae698,0x00000000eac00000)
  from space 35840K, 98% used [0x00000000eb100000,0x00000000ed39bc78,0x00000000ed400000)
  to   space 50176K, 0% used [0x00000000edd00000,0x00000000edd00000,0x00000000f0e00000)
 ParOldGen       total 160768K, used 66650K [0x00000000a0000000, 0x00000000a9d00000, 0x00000000e0000000)
  object space 160768K, 41% used [0x00000000a0000000,0x00000000a4116b50,0x00000000a9d00000)
 Metaspace       used 93565K, capacity 97900K, committed 98048K, reserved 1134592K
  class space    used 12477K, capacity 13308K, committed 13312K, reserved 1048576K
GC Heap History (10 events):
Event: 463.661 GC heap before
{Heap before GC invocations=16 (full 3):
 PSYoungGen      total 222208K, used 222205K [0x00000000e0000000, 0x00000000efe80000, 0x0000000100000000)
  eden space 198656K, 100% used [0x00000000e0000000,0x00000000ec200000,0x00000000ec200000)
  from space 23552K, 99% used [0x00000000ede00000,0x00000000ef4ff748,0x00000000ef500000)
  to   space 28672K, 0% used [0x00000000ec200000,0x00000000ec200000,0x00000000ede00000)
 ParOldGen       total 160768K, used 43448K [0x00000000a0000000, 0x00000000a9d00000, 0x00000000e0000000)
  object space 160768K, 27% used [0x00000000a0000000,0x00000000a2a6e2b8,0x00000000a9d00000)
 Metaspace       used 72574K, capacity 75228K, committed 75264K, reserved 1114112K
  class space    used 9666K, capacity 10216K, committed 10240K, reserved 1048576K
Event: 463.719 GC heap after
Heap after GC invocations=16 (full 3):
 PSYoungGen      total 227328K, used 28648K [0x00000000e0000000, 0x00000000f2580000, 0x0000000100000000)
  eden space 198656K, 0% used [0x00000000e0000000,0x00000000e0000000,0x00000000ec200000)
  from space 28672K, 99% used [0x00000000ec200000,0x00000000eddfa060,0x00000000ede00000)
  to   space 35840K, 0% used [0x00000000f0280000,0x00000000f0280000,0x00000000f2580000)
 ParOldGen       total 160768K, used 51817K [0x00000000a0000000, 0x00000000a9d00000, 0x00000000e0000000)
  object space 160768K, 32% used [0x00000000a0000000,0x00000000a329a650,0x00000000a9d00000)
 Metaspace       used 72574K, capacity 75228K, committed 75264K, reserved 1114112K
  class space    used 9666K, capacity 10216K, committed 10240K, reserved 1048576K
}
Event: 821.877 GC heap before
{Heap before GC invocations=17 (full 3):
 PSYoungGen      total 227328K, used 227304K [0x00000000e0000000, 0x00000000f2580000, 0x0000000100000000)
  eden space 198656K, 100% used [0x00000000e0000000,0x00000000ec200000,0x00000000ec200000)
  from space 28672K, 99% used [0x00000000ec200000,0x00000000eddfa060,0x00000000ede00000)
  to   space 35840K, 0% used [0x00000000f0280000,0x00000000f0280000,0x00000000f2580000)
 ParOldGen       total 160768K, used 51817K [0x00000000a0000000, 0x00000000a9d00000, 0x00000000e0000000)
  object space 160768K, 32% used [0x00000000a0000000,0x00000000a329a650,0x00000000a9d00000)
 Metaspace       used 77047K, capacity 80086K, committed 80256K, reserved 1118208K
  class space    used 10171K, capacity 10801K, committed 10880K, reserved 1048576K
Event: 821.929 GC heap after
Heap after GC invocations=17 (full 3):
 PSYoungGen      total 228352K, used 35839K [0x00000000e0000000, 0x00000000f2580000, 0x0000000100000000)
  eden space 192512K, 0% used [0x00000000e0000000,0x00000000e0000000,0x00000000ebc00000)
  from space 35840K, 99% used [0x00000000f0280000,0x00000000f257fc88,0x00000000f2580000)
  to   space 43520K, 0% used [0x00000000ed080000,0x00000000ed080000,0x00000000efb00000)
 ParOldGen       total 160768K, used 56820K [0x00000000a0000000, 0x00000000a9d00000, 0x00000000e0000000)
  object space 160768K, 35% used [0x00000000a0000000,0x00000000a377d0d0,0x00000000a9d00000)
 Metaspace       used 77047K, capacity 80086K, committed 80256K, reserved 1118208K
  class space    used 10171K, capacity 10801K, committed 10880K, reserved 1048576K
}
Event: 851.017 GC heap before
{Heap before GC invocations=18 (full 3):
 PSYoungGen      total 228352K, used 228351K [0x00000000e0000000, 0x00000000f2580000, 0x0000000100000000)
  eden space 192512K, 100% used [0x00000000e0000000,0x00000000ebc00000,0x00000000ebc00000)
  from space 35840K, 99% used [0x00000000f0280000,0x00000000f257fc88,0x00000000f2580000)
  to   space 43520K, 0% used [0x00000000ed080000,0x00000000ed080000,0x00000000efb00000)
 ParOldGen       total 160768K, used 56820K [0x00000000a0000000, 0x00000000a9d00000, 0x00000000e0000000)
  object space 160768K, 35% used [0x00000000a0000000,0x00000000a377d0d0,0x00000000a9d00000)
 Metaspace       used 79274K, capacity 82634K, committed 82944K, reserved 1120256K
  class space    used 10485K, capacity 11163K, committed 11264K, reserved 1048576K
Event: 851.061 GC heap after
Heap after GC invocations=18 (full 3):
 PSYoungGen      total 215552K, used 28212K [0x00000000e0000000, 0x00000000f0d80000, 0x0000000100000000)
  eden space 186880K, 0% used [0x00000000e0000000,0x00000000e0000000,0x00000000eb680000)
  from space 28672K, 98% used [0x00000000ed080000,0x00000000eec0d0e0,0x00000000eec80000)
  to   space 33792K, 0% used [0x00000000eec80000,0x00000000eec80000,0x00000000f0d80000)
 ParOldGen       total 160768K, used 66634K [0x00000000a0000000, 0x00000000a9d00000, 0x00000000e0000000)
  object space 160768K, 41% used [0x00000000a0000000,0x00000000a4112b50,0x00000000a9d00000)
 Metaspace       used 79274K, capacity 82634K, committed 82944K, reserved 1120256K
  class space    used 10485K, capacity 11163K, committed 11264K, reserved 1048576K
}
Event: 1385.008 GC heap before
{Heap before GC invocations=19 (full 3):
 PSYoungGen      total 215552K, used 215092K [0x00000000e0000000, 0x00000000f0d80000, 0x0000000100000000)
  eden space 186880K, 100% used [0x00000000e0000000,0x00000000eb680000,0x00000000eb680000)
  from space 28672K, 98% used [0x00000000ed080000,0x00000000eec0d0e0,0x00000000eec80000)
  to   space 33792K, 0% used [0x00000000eec80000,0x00000000eec80000,0x00000000f0d80000)
 ParOldGen       total 160768K, used 66634K [0x00000000a0000000, 0x00000000a9d00000, 0x00000000e0000000)
  object space 160768K, 41% used [0x00000000a0000000,0x00000000a4112b50,0x00000000a9d00000)
 Metaspace       used 87716K, capacity 91926K, committed 92032K, reserved 1128448K
  class space    used 11791K, capacity 12575K, committed 12672K, reserved 1048576K
Event: 1385.066 GC heap after
Heap after GC invocations=19 (full 3):
 PSYoungGen      total 214528K, used 32108K [0x00000000e0000000, 0x00000000f0d00000, 0x0000000100000000)
  eden space 181248K, 0% used [0x00000000e0000000,0x00000000e0000000,0x00000000eb100000)
  from space 33280K, 96% used [0x00000000eec80000,0x00000000f0bdb3c0,0x00000000f0d00000)
  to   space 47104K, 0% used [0x00000000eb100000,0x00000000eb100000,0x00000000edf00000)
 ParOldGen       total 160768K, used 66642K [0x00000000a0000000, 0x00000000a9d00000, 0x00000000e0000000)
  object space 160768K, 41% used [0x00000000a0000000,0x00000000a4114b50,0x00000000a9d00000)
 Metaspace       used 87716K, capacity 91926K, committed 92032K, reserved 1128448K
  class space    used 11791K, capacity 12575K, committed 12672K, reserved 1048576K
}
Event: 1389.181 GC heap before
{Heap before GC invocations=20 (full 3):
 PSYoungGen      total 214528K, used 213356K [0x00000000e0000000, 0x00000000f0d00000, 0x0000000100000000)
  eden space 181248K, 100% used [0x00000000e0000000,0x00000000eb100000,0x00000000eb100000)
  from space 33280K, 96% used [0x00000000eec80000,0x00000000f0bdb3c0,0x00000000f0d00000)
  to   space 47104K, 0% used [0x00000000eb100000,0x00000000eb100000,0x00000000edf00000)
 ParOldGen       total 160768K, used 66642K [0x00000000a0000000, 0x00000000a9d00000, 0x00000000e0000000)
  object space 160768K, 41% used [0x00000000a0000000,0x00000000a4114b50,0x00000000a9d00000)
 Metaspace       used 88625K, capacity 92852K, committed 93184K, reserved 1130496K
  class space    used 11889K, capacity 12684K, committed 12800K, reserved 1048576K
Event: 1389.216 GC heap after
Heap after GC invocations=20 (full 3):
 PSYoungGen      total 211968K, used 35439K [0x00000000e0000000, 0x00000000f0e00000, 0x0000000100000000)
  eden space 176128K, 0% used [0x00000000e0000000,0x00000000e0000000,0x00000000eac00000)
  from space 35840K, 98% used [0x00000000eb100000,0x00000000ed39bc78,0x00000000ed400000)
  to   space 50176K, 0% used [0x00000000edd00000,0x00000000edd00000,0x00000000f0e00000)
 ParOldGen       total 160768K, used 66650K [0x00000000a0000000, 0x00000000a9d00000, 0x00000000e0000000)
  object space 160768K, 41% used [0x00000000a0000000,0x00000000a4116b50,0x00000000a9d00000)
 Metaspace       used 88625K, capacity 92852K, committed 93184K, reserved 1130496K
  class space    used 11889K, capacity 12684K, committed 12800K, reserved 1048576K
}

